plugins/blee-nearby/android/build/intermediates/manifest_merge_blame_file/debug/processDebugManifest/manifest-merger-blame-debug-report.txt
1<?xml version="1.0" encoding="utf-8"?>
2<manifest xmlns:android="http://schemas.android.com/apk/res/android"
3    package="com.blee.nearby" >
4
5    <uses-sdk android:minSdkVersion="24" />
6
7    <uses-permission
7-->src/main/AndroidManifest.xml:2:5-95
8        android:name="android.permission.BLUETOOTH"
8-->src/main/AndroidManifest.xml:2:22-65
9        android:maxSdkVersion="30" />
9-->src/main/AndroidManifest.xml:2:66-92
10    <uses-permission
10-->src/main/AndroidManifest.xml:3:5-101
11        android:name="android.permission.BLUETOOTH_ADMIN"
11-->src/main/AndroidManifest.xml:3:22-71
12        android:maxSdkVersion="30" />
12-->src/main/AndroidManifest.xml:3:72-98
13    <uses-permission
13-->src/main/AndroidManifest.xml:4:5-106
14        android:name="android.permission.ACCESS_FINE_LOCATION"
14-->src/main/AndroidManifest.xml:4:22-76
15        android:maxSdkVersion="30" />
15-->src/main/AndroidManifest.xml:4:77-103
16    <uses-permission
16-->src/main/AndroidManifest.xml:5:5-120
17        android:name="android.permission.BLUETOOTH_SCAN"
17-->src/main/AndroidManifest.xml:5:22-70
18        android:usesPermissionFlags="neverForLocation" />
18-->src/main/AndroidManifest.xml:5:71-117
19    <uses-permission android:name="android.permission.BLUETOOTH_CONNECT" />
19-->src/main/AndroidManifest.xml:6:5-76
19-->src/main/AndroidManifest.xml:6:22-73
20    <uses-permission android:name="android.permission.BLUETOOTH_ADVERTISE" />
20-->src/main/AndroidManifest.xml:7:5-78
20-->src/main/AndroidManifest.xml:7:22-75
21    <uses-permission android:name="android.permission.INTERNET" />
21-->src/main/AndroidManifest.xml:8:5-67
21-->src/main/AndroidManifest.xml:8:22-64
22    <uses-permission android:name="android.permission.ACCESS_NETWORK_STATE" />
22-->src/main/AndroidManifest.xml:9:5-79
22-->src/main/AndroidManifest.xml:9:22-76
23    <uses-permission android:name="android.permission.ACCESS_WIFI_STATE" />
23-->src/main/AndroidManifest.xml:10:5-76
23-->src/main/AndroidManifest.xml:10:22-73
24    <uses-permission android:name="android.permission.CHANGE_WIFI_MULTICAST_STATE" />
24-->src/main/AndroidManifest.xml:11:5-86
24-->src/main/AndroidManifest.xml:11:22-83
25
26</manifest>